0 info it worked if it ends with ok
1 verbose cli [ 'C:\\Program Files\\nodejs\\node.exe',
1 verbose cli   'C:\\Program Files\\nodejs\\node_modules\\npm\\bin\\npm-cli.js',
1 verbose cli   'version',
1 verbose cli   'patch' ]
2 info using npm@3.3.6
3 info using node@v4.2.1
4 info git [ 'status', '--porcelain' ]
5 verbose stack Error: Git working directory not clean.
5 verbose stack M README.md
5 verbose stack M arrows.md
5 verbose stack M border-box.md
5 verbose stack M border-radius.md
5 verbose stack M buttons.md
5 verbose stack M colors.md
5 verbose stack M columns.md
5 verbose stack M font-size.md
5 verbose stack M getting-started.md
5 verbose stack M margins.md
5 verbose stack M mixins.md
5 verbose stack M options.md
5 verbose stack M package.json
5 verbose stack M paddings.md
5 verbose stack M positions.md
5 verbose stack M widths-and-heights.md
5 verbose stack     at C:\Program Files\nodejs\node_modules\npm\lib\version.js:172:21
5 verbose stack     at ChildProcess.exithandler (child_process.js:194:7)
5 verbose stack     at emitTwo (events.js:87:13)
5 verbose stack     at ChildProcess.emit (events.js:172:7)
5 verbose stack     at maybeClose (internal/child_process.js:818:16)
5 verbose stack     at Socket.<anonymous> (internal/child_process.js:319:11)
5 verbose stack     at emitOne (events.js:77:13)
5 verbose stack     at Socket.emit (events.js:169:7)
5 verbose stack     at Pipe._onclose (net.js:469:12)
6 verbose cwd C:\sites\layout-css
7 error Windows_NT 6.1.7601
8 error argv "C:\\Program Files\\nodejs\\node.exe" "C:\\Program Files\\nodejs\\node_modules\\npm\\bin\\npm-cli.js" "version" "patch"
9 error node v4.2.1
10 error npm  v3.3.6
11 error Git working directory not clean.
11 error M README.md
11 error M arrows.md
11 error M border-box.md
11 error M border-radius.md
11 error M buttons.md
11 error M colors.md
11 error M columns.md
11 error M font-size.md
11 error M getting-started.md
11 error M margins.md
11 error M mixins.md
11 error M options.md
11 error M package.json
11 error M paddings.md
11 error M positions.md
11 error M widths-and-heights.md
12 error If you need help, you may report this error at:
12 error     <https://github.com/npm/npm/issues>
13 verbose exit [ 1, true ]
